<?xml version="1.0" encoding="UTF-8"?>
<testng-results total="1" passed="1" failed="0" skipped="0">
  <reporter-output>
  </reporter-output>
  <suite started-at="2018-05-25T10:03:11Z" name="Havenly test suite" finished-at="2018-05-25T10:04:08Z" duration-ms="56638">
    <groups>
    </groups>
    <test started-at="2018-05-25T10:03:11Z" name="survey test" finished-at="2018-05-25T10:04:08Z" duration-ms="56638">
      <class name="com.havenly.tests.TestHavenly">
        <test-method is-config="true" signature="beforeClass()[pri:0, instance:com.havenly.tests.TestHavenly@5b94b04d]" started-at="2018-05-25T10:03:11Z" name="beforeClass" finished-at="2018-05-25T10:03:18Z" duration-ms="6792" status="PASS">
        </test-method>
        <test-method signature="test_survey()[pri:0, instance:com.havenly.tests.TestHavenly@5b94b04d]" started-at="2018-05-25T10:03:18Z" name="test_survey" finished-at="2018-05-25T10:04:07Z" duration-ms="49397" status="PASS">
        </test-method>
        <test-method is-config="true" signature="afterClass()[pri:0, instance:com.havenly.tests.TestHavenly@5b94b04d]" started-at="2018-05-25T10:04:07Z" name="afterClass" finished-at="2018-05-25T10:04:08Z" duration-ms="436" status="PASS">
        </test-method>
      </class>
    </test>
  </suite>
</testng-results>
