<?xml version="1.0" encoding="UTF-8"?>
<testng-results total="1" passed="1" failed="0" skipped="0">
  <reporter-output>
  </reporter-output>
  <suite started-at="2018-05-24T00:26:02Z" name="TestSuite" finished-at="2018-05-24T00:27:03Z" duration-ms="61348">
    <groups>
    </groups>
    <test started-at="2018-05-24T00:26:02Z" name="FireFox Test" finished-at="2018-05-24T00:27:03Z" duration-ms="61348">
      <class name="com.havenly.test.TestHavenly">
        <test-method is-config="true" signature="beforeClass()[pri:0, instance:com.havenly.test.TestHavenly@6913c1fb]" started-at="2018-05-24T00:26:02Z" name="beforeClass" finished-at="2018-05-24T00:26:13Z" duration-ms="10952" status="PASS">
        </test-method>
        <test-method signature="test()[pri:0, instance:com.havenly.test.TestHavenly@6913c1fb]" started-at="2018-05-24T00:26:13Z" name="test" finished-at="2018-05-24T00:27:03Z" duration-ms="50001" status="PASS">
        </test-method>
        <test-method is-config="true" signature="afterClass()[pri:0, instance:com.havenly.test.TestHavenly@6913c1fb]" started-at="2018-05-24T00:27:03Z" name="afterClass" finished-at="2018-05-24T00:27:03Z" duration-ms="381" status="PASS">
        </test-method>
      </class>
    </test>
  </suite>
</testng-results>
